TN:
SF:src\view.ts
FN:2,createElem
FN:8,(anonymous_1)
FN:10,Scale
FN:12,(anonymous_3)
FN:14,(anonymous_4)
FN:17,(anonymous_5)
FN:20,(anonymous_6)
FN:23,(anonymous_7)
FN:28,(anonymous_8)
FN:34,Graduation
FN:48,(anonymous_10)
FN:64,(anonymous_11)
FN:66,Button
FN:68,(anonymous_13)
FN:70,(anonymous_14)
FN:73,(anonymous_15)
FN:76,(anonymous_16)
FN:81,(anonymous_17)
FN:83,Label
FN:85,(anonymous_19)
FN:87,(anonymous_20)
FN:90,(anonymous_21)
FN:95,(anonymous_22)
FN:97,ScaleFilling
FN:99,(anonymous_24)
FN:104,(anonymous_25)
FN:119,View
FN:355,(anonymous_27)
FN:417,(anonymous_28)
FN:423,(anonymous_29)
FN:443,(anonymous_30)
FN:447,(anonymous_31)
FN:128,(anonymous_32)
FN:133,(anonymous_33)
FN:167,(anonymous_34)
FN:175,(anonymous_35)
FN:183,(anonymous_36)
FN:193,(anonymous_37)
FN:199,(anonymous_38)
FN:223,(anonymous_39)
FN:236,(anonymous_40)
FN:291,(anonymous_41)
FN:297,(anonymous_42)
FN:310,(anonymous_43)
FN:349,(anonymous_44)
FN:382,(anonymous_45)
FN:451,(anonymous_46)
FN:506,(anonymous_47)
FNF:48
FNH:30
FNDA:324,createElem
FNDA:1,(anonymous_1)
FNDA:33,Scale
FNDA:0,(anonymous_3)
FNDA:15,(anonymous_4)
FNDA:10,(anonymous_5)
FNDA:10,(anonymous_6)
FNDA:18,(anonymous_7)
FNDA:1,(anonymous_8)
FNDA:32,Graduation
FNDA:12,(anonymous_10)
FNDA:1,(anonymous_11)
FNDA:50,Button
FNDA:0,(anonymous_13)
FNDA:14,(anonymous_14)
FNDA:50,(anonymous_15)
FNDA:17,(anonymous_16)
FNDA:1,(anonymous_17)
FNDA:49,Label
FNDA:0,(anonymous_19)
FNDA:9,(anonymous_20)
FNDA:9,(anonymous_21)
FNDA:1,(anonymous_22)
FNDA:24,ScaleFilling
FNDA:0,(anonymous_24)
FNDA:1,(anonymous_25)
FNDA:23,View
FNDA:0,(anonymous_27)
FNDA:0,(anonymous_28)
FNDA:0,(anonymous_29)
FNDA:0,(anonymous_30)
FNDA:0,(anonymous_31)
FNDA:0,(anonymous_32)
FNDA:0,(anonymous_33)
FNDA:16,(anonymous_34)
FNDA:13,(anonymous_35)
FNDA:3,(anonymous_36)
FNDA:3,(anonymous_37)
FNDA:2,(anonymous_38)
FNDA:0,(anonymous_39)
FNDA:0,(anonymous_40)
FNDA:0,(anonymous_41)
FNDA:0,(anonymous_42)
FNDA:0,(anonymous_43)
FNDA:0,(anonymous_44)
FNDA:0,(anonymous_45)
FNDA:8,(anonymous_46)
FNDA:7,(anonymous_47)
DA:3,324
DA:4,324
DA:5,324
DA:8,1
DA:11,33
DA:12,33
DA:14,1
DA:15,15
DA:17,1
DA:18,10
DA:20,1
DA:21,10
DA:23,1
DA:24,18
DA:26,1
DA:28,1
DA:35,32
DA:36,32
DA:37,32
DA:38,32
DA:39,32
DA:41,32
DA:42,32
DA:43,32
DA:44,32
DA:46,32
DA:48,1
DA:49,12
DA:50,12
DA:51,12
DA:52,12
DA:54,12
DA:55,8
DA:56,8
DA:58,4
DA:59,4
DA:62,1
DA:64,1
DA:67,50
DA:68,50
DA:70,1
DA:71,14
DA:73,1
DA:74,50
DA:76,1
DA:77,17
DA:79,1
DA:81,1
DA:84,49
DA:85,49
DA:87,1
DA:88,9
DA:90,1
DA:91,9
DA:93,1
DA:95,1
DA:98,24
DA:99,24
DA:102,1
DA:104,1
DA:119,23
DA:120,23
DA:121,23
DA:122,23
DA:123,23
DA:124,23
DA:125,23
DA:126,23
DA:128,23
DA:129,0
DA:130,0
DA:131,0
DA:133,23
DA:134,0
DA:135,0
DA:136,0
DA:138,23
DA:139,23
DA:140,23
DA:141,23
DA:142,23
DA:144,23
DA:145,23
DA:146,23
DA:147,23
DA:148,23
DA:150,23
DA:151,23
DA:152,23
DA:154,23
DA:155,23
DA:156,23
DA:158,23
DA:160,23
DA:161,23
DA:162,23
DA:163,23
DA:164,23
DA:167,1
DA:168,16
DA:169,7
DA:171,9
DA:175,1
DA:176,13
DA:177,6
DA:179,7
DA:183,1
DA:184,3
DA:185,2
DA:186,2
DA:188,1
DA:189,1
DA:193,1
DA:194,3
DA:195,3
DA:196,3
DA:199,1
DA:200,2
DA:201,2
DA:203,2
DA:204,0
DA:205,0
DA:207,2
DA:208,2
DA:211,2
DA:212,2
DA:213,0
DA:214,2
DA:215,2
DA:218,2
DA:219,2
DA:223,1
DA:224,0
DA:225,0
DA:226,0
DA:227,0
DA:229,0
DA:230,0
DA:231,0
DA:233,0
DA:236,1
DA:237,0
DA:238,0
DA:240,0
DA:241,0
DA:242,0
DA:244,0
DA:245,0
DA:246,0
DA:247,0
DA:249,0
DA:250,0
DA:251,0
DA:252,0
DA:253,0
DA:256,0
DA:257,0
DA:260,0
DA:261,0
DA:264,0
DA:265,0
DA:267,0
DA:268,0
DA:269,0
DA:270,0
DA:272,0
DA:273,0
DA:274,0
DA:275,0
DA:276,0
DA:279,0
DA:280,0
DA:283,0
DA:284,0
DA:288,0
DA:291,1
DA:292,0
DA:293,0
DA:297,1
DA:298,0
DA:299,0
DA:300,0
DA:301,0
DA:303,0
DA:304,0
DA:305,0
DA:307,0
DA:310,1
DA:311,0
DA:312,0
DA:314,0
DA:315,0
DA:316,0
DA:318,0
DA:319,0
DA:320,0
DA:321,0
DA:323,0
DA:324,0
DA:326,0
DA:327,0
DA:330,0
DA:331,0
DA:333,0
DA:334,0
DA:335,0
DA:336,0
DA:338,0
DA:339,0
DA:341,0
DA:342,0
DA:346,0
DA:349,1
DA:350,0
DA:351,0
DA:355,23
DA:356,0
DA:357,0
DA:358,0
DA:360,0
DA:362,0
DA:365,0
DA:368,0
DA:369,0
DA:371,0
DA:373,0
DA:376,0
DA:382,1
DA:383,0
DA:384,0
DA:386,0
DA:387,0
DA:388,0
DA:389,0
DA:390,0
DA:393,0
DA:395,0
DA:398,0
DA:401,0
DA:402,0
DA:403,0
DA:404,0
DA:407,0
DA:409,0
DA:412,0
DA:417,23
DA:418,0
DA:419,0
DA:420,0
DA:423,23
DA:424,0
DA:425,0
DA:426,0
DA:427,0
DA:428,0
DA:430,0
DA:433,0
DA:434,0
DA:435,0
DA:436,0
DA:438,0
DA:443,23
DA:444,0
DA:447,23
DA:448,0
DA:451,1
DA:452,8
DA:453,8
DA:455,8
DA:456,5
DA:457,5
DA:459,3
DA:460,3
DA:462,8
DA:463,1
DA:464,1
DA:466,7
DA:467,7
DA:470,8
DA:471,4
DA:472,4
DA:473,4
DA:474,4
DA:475,4
DA:476,4
DA:477,4
DA:478,4
DA:480,4
DA:481,4
DA:482,4
DA:483,4
DA:484,4
DA:485,4
DA:487,4
DA:488,4
DA:489,4
DA:490,4
DA:491,4
DA:492,4
DA:493,4
DA:494,4
DA:496,4
DA:497,4
DA:498,4
DA:499,4
DA:500,4
DA:501,4
DA:506,1
DA:507,7
DA:508,7
DA:509,7
DA:510,7
DA:511,7
DA:512,5
DA:513,5
DA:516,1
DA:521,1
DA:522,1
DA:523,1
DA:524,1
DA:525,1
DA:526,1
DA:527,1
DA:529,1
DA:530,1
DA:532,1
DA:533,1
DA:534,1
LF:328
LH:197
BRDA:54,0,0,8
BRDA:54,0,1,4
BRDA:356,1,0,0
BRDA:356,1,1,0
BRDA:357,2,0,0
BRDA:357,2,1,0
BRDA:358,3,0,0
BRDA:358,3,1,0
BRDA:368,4,0,0
BRDA:368,4,1,0
BRDA:369,5,0,0
BRDA:369,5,1,0
BRDA:424,6,0,0
BRDA:424,6,1,0
BRDA:427,7,0,0
BRDA:427,7,1,0
BRDA:435,8,0,0
BRDA:435,8,1,0
BRDA:168,9,0,7
BRDA:168,9,1,9
BRDA:176,10,0,6
BRDA:176,10,1,7
BRDA:184,11,0,2
BRDA:184,11,1,1
BRDA:196,12,0,1
BRDA:196,12,1,2
BRDA:203,13,0,0
BRDA:203,13,1,2
BRDA:212,14,0,0
BRDA:212,14,1,2
BRDA:214,15,0,2
BRDA:214,15,1,0
BRDA:224,16,0,0
BRDA:224,16,1,0
BRDA:240,17,0,0
BRDA:240,17,1,0
BRDA:244,18,0,0
BRDA:244,18,1,0
BRDA:249,19,0,0
BRDA:249,19,1,0
BRDA:250,20,0,0
BRDA:250,20,1,0
BRDA:256,21,0,0
BRDA:256,21,1,0
BRDA:260,22,0,0
BRDA:260,22,1,0
BRDA:267,23,0,0
BRDA:267,23,1,0
BRDA:272,24,0,0
BRDA:272,24,1,0
BRDA:273,25,0,0
BRDA:273,25,1,0
BRDA:279,26,0,0
BRDA:279,26,1,0
BRDA:283,27,0,0
BRDA:283,27,1,0
BRDA:298,28,0,0
BRDA:298,28,1,0
BRDA:314,29,0,0
BRDA:314,29,1,0
BRDA:318,30,0,0
BRDA:318,30,1,0
BRDA:323,31,0,0
BRDA:323,31,1,0
BRDA:326,32,0,0
BRDA:326,32,1,0
BRDA:333,33,0,0
BRDA:333,33,1,0
BRDA:338,34,0,0
BRDA:338,34,1,0
BRDA:341,35,0,0
BRDA:341,35,1,0
BRDA:386,36,0,0
BRDA:386,36,1,0
BRDA:389,37,0,0
BRDA:389,37,1,0
BRDA:390,38,0,0
BRDA:390,38,1,0
BRDA:403,39,0,0
BRDA:403,39,1,0
BRDA:404,40,0,0
BRDA:404,40,1,0
BRDA:455,41,0,5
BRDA:455,41,1,3
BRDA:462,42,0,1
BRDA:462,42,1,7
BRDA:470,43,0,4
BRDA:470,43,1,4
BRDA:511,44,0,5
BRDA:511,44,1,2
BRF:90
BRH:21
end_of_record
